<?xml version="1.0" encoding="UTF-8"?>
<!-- Generated by org.testng.reporters.JUnitReportReporter -->
<testsuite hostname="LAPTOP-BPS2AHJ8" failures="0" tests="1" name="com.trello.testcase.Abc" time="0.080" errors="0" timestamp="24 Jan 2023 05:01:37 GMT" skipped="0">
  <testcase classname="com.trello.testcase.Abc" name="firsttest1" time="0.080"/>
</testsuite> <!-- com.trello.testcase.Abc -->
